
[Regis Philbot v1.0] 22:45:43 Starting Regis Philbot v1.0
[Regis Philbot v1.0] 22:45:43 Loading config...
[Regis Philbot v1.0] 22:45:43 Loading questions from: "questions.json"
[Regis Philbot v1.0] 22:46:26 Starting Regis Philbot v1.0
[Regis Philbot v1.0] 22:46:26 Loading config...
[Regis Philbot v1.0] 22:46:26 Loading questions from: "questions.json"
[Regis Philbot v1.0] 22:46:27 Shutting down
[Regis Philbot v1.0] 22:49:19 Starting Regis Philbot v1.0
[Regis Philbot v1.0] 22:49:19 Loading config...
[Regis Philbot v1.0] 22:49:19 Loading questions from: "questions.json"
[Regis Philbot v1.0] 22:49:34 [1;37m> Asking question: [0mWhat year was the Unix operating system created?
[Regis Philbot v1.0] 22:49:38 	Correct answer given by: pat
[Regis Philbot v1.0] 22:49:43 [1;37m> Asking question: [0mWhat is the HTTP response code for 'I am a teapot'?
[Regis Philbot v1.0] 22:49:46 	Correct answer given by: pat
[Regis Philbot v1.0] 22:49:51 Shutting down
[Regis Philbot v1.0] 22:50:19 Starting Regis Philbot v1.0
[Regis Philbot v1.0] 22:50:19 Loading config...
[Regis Philbot v1.0] 22:50:19 Loading questions from: "questions.json"
[Regis Philbot v1.0] 22:50:34 [1;37m> Asking question: [0mWhat year was the Unix operating system created?
[Regis Philbot v1.0] 22:50:55 [1;37m> Answer was: 1973
[Regis Philbot v1.0] 22:51:00 [1;37m> Asking question: [0mWhat is the HTTP response code for 'I am a teapot'?
[Regis Philbot v1.0] 22:51:16 Shutting down
[Regis Philbot v1.0] 22:51:17 Starting Regis Philbot v1.0
[Regis Philbot v1.0] 22:51:17 Loading config...
[Regis Philbot v1.0] 22:51:17 Loading questions from: "questions.json"
[Regis Philbot v1.0] 22:51:21 Shutting down
[Regis Philbot v1.0] 22:51:52 Starting Regis Philbot v1.0
[Regis Philbot v1.0] 22:51:52 Loading config...
[Regis Philbot v1.0] 22:51:52 Loading questions from: "questions.json"
[Regis Philbot v1.0] 22:52:07 Asking question: [0mWhat year was the Unix operating system created?
[Regis Philbot v1.0] 22:52:10 	Correct answer given by: pat
[Regis Philbot v1.0] 22:52:15 Asking question: [0mWhat is the HTTP response code for 'I am a teapot'?
[Regis Philbot v1.0] 22:52:16 	Correct answer given by: pat
[Regis Philbot v1.0] 22:52:22 Asking question: [0mWhat is the BigO notation of merge sort?
[Regis Philbot v1.0] 22:52:42 	Answer was: N Log(n)
[Regis Philbot v1.0] 22:52:47 Asking question: [0mWhat year was the Unix operating system created?
[Regis Philbot v1.0] 22:53:08 	Answer was: 1973
[Regis Philbot v1.0] 22:53:13 Asking question: [0mWhat is the HTTP response code for 'I am a teapot'?
[Regis Philbot v1.0] 22:53:18 Shutting down
[Regis Philbot v1.0] 22:53:19 Starting Regis Philbot v1.0
[Regis Philbot v1.0] 22:53:19 Loading config...
[Regis Philbot v1.0] 22:53:19 Loading questions from: "questions.json"
[Regis Philbot v1.0] 22:53:34 Asking question: [0mWhat year was the Unix operating system created?
[Regis Philbot v1.0] 22:53:54 	Answer was: 1973
[Regis Philbot v1.0] 22:54:00 Asking question: [0mWhat is the HTTP response code for 'I am a teapot'?
[Regis Philbot v1.0] 22:54:16 Shutting down
[Regis Philbot v1.0] 22:54:39 Starting Regis Philbot v1.0
[Regis Philbot v1.0] 22:54:39 Loading config...
[Regis Philbot v1.0] 22:54:39 Loading questions from: "questions.json"
[Regis Philbot v1.0] 22:54:54 [1;37m> Asking question: [0mWhat year was the Unix operating system created?
[Regis Philbot v1.0] 22:55:14 [1;37m> Answer was: 1973
[Regis Philbot v1.0] 22:55:16 Shutting down
[Regis Philbot v1.0] 22:55:16 Starting Regis Philbot v1.0
[Regis Philbot v1.0] 22:55:16 Loading config...
[Regis Philbot v1.0] 22:55:16 Loading questions from: "questions.json"
[Regis Philbot v1.0] 22:55:31 [1;37m> Asking question: [0mWhat year was the Unix operating system created?
[Regis Philbot v1.0] 22:55:52 [1;37m> Answer was: 1973
[Regis Philbot v1.0] 22:55:57 Shutting down
[Regis Philbot v1.0] 22:58:08 Starting Regis Philbot v1.0
[Regis Philbot v1.0] 22:58:08 Loading config...
[Regis Philbot v1.0] 22:58:08 Loading questions from: "questions.json"
[Regis Philbot v1.0] 22:58:23 Asking question: [0mWhat year was the Unix operating system created?
[Regis Philbot v1.0] 22:58:26 	Correct answer given by: pat
[Regis Philbot v1.0] 22:58:32 Asking question: [0mWhat is the HTTP response code for 'I am a teapot'?
[Regis Philbot v1.0] 22:58:32 Shutting down
[Regis Philbot v1.0] 23:10:26 Starting Regis Philbot v1.0
[Regis Philbot v1.0] 23:10:26 Loading config...
[Regis Philbot v1.0] 23:10:26 Loading questions from: "questions.json"
[Regis Philbot v1.0] 23:10:32 Asking question: [0mWhat year was the Unix operating system created?
[Regis Philbot v1.0] 23:10:49 Shutting down
[Regis Philbot v1.0] 23:14:09 Starting Regis Philbot v1.0
[Regis Philbot v1.0] 23:14:09 Loading config...
[Regis Philbot v1.0] 23:14:09 Loading questions from: "questions.json"
[Regis Philbot v1.0] 23:14:14 Asking question: [0mWhat year was the Unix operating system created?
[Regis Philbot v1.0] 23:14:32 Shutting down
[Regis Philbot v1.0] 23:15:40 Starting Regis Philbot v1.0
[Regis Philbot v1.0] 23:15:40 Loading config...
[Regis Philbot v1.0] 23:15:40 Loading questions from: "questions.json"
[Regis Philbot v1.0] 23:15:46 Asking question: [0mWhat year was the Unix operating system created?
[Regis Philbot v1.0] 23:16:03 Shutting down
[Regis Philbot v1.0] 23:18:07 Starting Regis Philbot v1.0
[Regis Philbot v1.0] 23:18:07 Loading config...
[Regis Philbot v1.0] 23:18:07 Loading questions from: "questions.json"
[Regis Philbot v1.0] 23:18:12 Asking question: [0mWhat year was the Unix operating system created?
[Regis Philbot v1.0] 23:19:42 Starting Regis Philbot v1.0
[Regis Philbot v1.0] 23:19:42 Loading config...
[Regis Philbot v1.0] 23:19:42 Loading questions from: "questions.json"
[Regis Philbot v1.0] 23:19:47 Asking question: [0mWhat year was the Unix operating system created?
[Regis Philbot v1.0] 23:20:06 Shutting down
[Regis Philbot v1.0] 23:20:41 Starting Regis Philbot v1.0
[Regis Philbot v1.0] 23:20:41 Loading config...
[Regis Philbot v1.0] 23:20:41 Loading questions from: "questions.json"
[Regis Philbot v1.0] 23:20:47 Asking question: [0mWhat year was the Unix operating system created?
[Regis Philbot v1.0] 23:21:07 	Answer was: 1973
[Regis Philbot v1.0] 23:21:09 Shutting down
[Regis Philbot v1.0] 23:22:23 Starting Regis Philbot v1.0
[Regis Philbot v1.0] 23:22:23 Loading config...
[Regis Philbot v1.0] 23:22:23 Loading questions from: "questions.json"
[Regis Philbot v1.0] 23:22:29 Asking question: [0mWhat year was the Unix operating system created?
[Regis Philbot v1.0] 23:22:49 	Answer was: 1973
[Regis Philbot v1.0] 23:22:50 Shutting down
[Regis Philbot v1.0] 23:23:05 Starting Regis Philbot v1.0
[Regis Philbot v1.0] 23:23:05 Loading config...
[Regis Philbot v1.0] 23:23:05 Loading questions from: "questions.json"
[Regis Philbot v1.0] 23:23:11 Asking question: [0mWhat year was the Unix operating system created?
[Regis Philbot v1.0] 23:23:31 	Answer was: 1973
[Regis Philbot v1.0] 23:23:36 Asking question: [0mWhat is the HTTP response code for 'I am a teapot'?
[Regis Philbot v1.0] 23:23:56 	Answer was: 418
[Regis Philbot v1.0] 23:24:02 Asking question: [0mWhat is the BigO notation of merge sort?
[Regis Philbot v1.0] 23:24:22 	Answer was: N Log(n)
[Regis Philbot v1.0] 23:24:27 Asking question: [0mWhat year was the Unix operating system created?
[Regis Philbot v1.0] 23:24:42 Shutting down
[Regis Philbot v1.0] 23:24:43 Starting Regis Philbot v1.0
[Regis Philbot v1.0] 23:24:43 Loading config...
[Regis Philbot v1.0] 23:24:43 Loading questions from: "questions.json"
[Regis Philbot v1.0] 23:24:48 Asking question: [0mWhat is the design pattern that focus's on single instance?
[Regis Philbot v1.0] 23:25:09 	Answer was: Singleton
[Regis Philbot v1.0] 23:25:14 Shutting down
[Regis Philbot v1.0] 23:27:01 Starting Regis Philbot v1.0
[Regis Philbot v1.0] 23:27:01 Loading config...
[Regis Philbot v1.0] 23:27:01 Loading questions from: "questions.json"
[Regis Philbot v1.0] 23:27:06 Asking question: [0mWhat is the design pattern that focus's on single instance?
[Regis Philbot v1.0] 23:27:24 Starting Regis Philbot v1.0
[Regis Philbot v1.0] 23:27:24 Loading config...
[Regis Philbot v1.0] 23:27:24 Loading questions from: "questions.json"
[Regis Philbot v1.0] 23:27:30 Asking question: [0mWhat is the design pattern that focus's on single instance?
[Regis Philbot v1.0] 23:27:50 	Answer was: Singleton
[Regis Philbot v1.0] 23:27:53 Shutting down
[Regis Philbot v1.0] 23:28:43 Starting Regis Philbot v1.0
[Regis Philbot v1.0] 23:28:43 Loading config...
[Regis Philbot v1.0] 23:28:43 Loading questions from: "questions.json"
[Regis Philbot v1.0] 23:28:48 Asking question: [0mWhat is the design pattern that focus's on single instance?
[Regis Philbot v1.0] 23:29:11 Starting Regis Philbot v1.0
[Regis Philbot v1.0] 23:29:11 Loading config...
[Regis Philbot v1.0] 23:29:11 Loading questions from: "questions.json"
[Regis Philbot v1.0] 23:29:16 Asking question: [0mWhat is the design pattern that focus's on single instance?
[Regis Philbot v1.0] 23:29:27 	Giving hint: S__g_____
[Regis Philbot v1.0] 23:29:27 	Giving hint: S_n______
[Regis Philbot v1.0] 23:29:36 	Answer was: Singleton
[Regis Philbot v1.0] 23:29:42 Asking question: [0mWhat year was the Unix operating system created?
[Regis Philbot v1.0] 23:29:52 	Giving hint: _9__
[Regis Philbot v1.0] 23:29:52 	Giving hint: 1___
[Regis Philbot v1.0] 23:29:52 	Giving hint: 1___
[Regis Philbot v1.0] 23:30:02 	Answer was: 1973
[Regis Philbot v1.0] 23:30:03 Shutting down
[Regis Philbot v1.0] 23:30:05 Starting Regis Philbot v1.0
[Regis Philbot v1.0] 23:30:05 Loading config...
[Regis Philbot v1.0] 23:30:05 Loading questions from: "questions.json"
[Regis Philbot v1.0] 23:30:11 Asking question: [0mWhat is the design pattern that focus's on single instance?
[Regis Philbot v1.0] 23:30:21 	Giving hint: Si_g_____
[Regis Philbot v1.0] 23:30:38 Starting Regis Philbot v1.0
[Regis Philbot v1.0] 23:30:38 Loading config...
[Regis Philbot v1.0] 23:30:38 Loading questions from: "questions.json"
[Regis Philbot v1.0] 23:30:44 Asking question: [0mWhat is the design pattern that focus's on single instance?
[Regis Philbot v1.0] 23:30:54 	Giving hint: Si_g_____
[Regis Philbot v1.0] 23:31:04 	Answer was: Singleton
[Regis Philbot v1.0] 23:31:09 Asking question: [0mWhat year was the Unix operating system created?
[Regis Philbot v1.0] 23:31:20 	Giving hint: 1___
[Regis Philbot v1.0] 23:31:23 Shutting down
[Regis Philbot v1.0] 23:31:24 Starting Regis Philbot v1.0
[Regis Philbot v1.0] 23:31:24 Loading config...
[Regis Philbot v1.0] 23:31:24 Loading questions from: "questions.json"
[Regis Philbot v1.0] 23:31:30 Asking question: [0mWhat is the design pattern that focus's on single instance?
[Regis Philbot v1.0] 23:31:40 	Giving hint: Si_g_____
[Regis Philbot v1.0] 23:31:43 Shutting down
[Regis Philbot v1.0] 23:32:32 Starting Regis Philbot v1.0
[Regis Philbot v1.0] 23:32:32 Loading config...
[Regis Philbot v1.0] 23:32:32 Loading questions from: "questions.json"
[Regis Philbot v1.0] 23:32:37 Asking question: [0mWhat is the design pattern that focus's on single instance?
[Regis Philbot v1.0] 23:32:47 	Giving hint: _i_g_____
[Regis Philbot v1.0] 23:32:58 	Answer was: Singleton
[Regis Philbot v1.0] 23:33:01 Shutting down
[Regis Philbot v1.0] 23:33:02 Starting Regis Philbot v1.0
[Regis Philbot v1.0] 23:33:02 Loading config...
[Regis Philbot v1.0] 23:33:02 Loading questions from: "questions.json"
[Regis Philbot v1.0] 23:33:07 Asking question: [0mWhat is the design pattern that focus's on single instance?
[Regis Philbot v1.0] 23:33:18 	Giving hint: __ng_____
[Regis Philbot v1.0] 23:33:28 Shutting down
[Regis Philbot v1.0] 23:33:28 Starting Regis Philbot v1.0
[Regis Philbot v1.0] 23:33:28 Loading config...
[Regis Philbot v1.0] 23:33:28 Loading questions from: "questions.json"
[Regis Philbot v1.0] 23:33:34 Asking question: [0mWhat is the design pattern that focus's on single instance?
[Regis Philbot v1.0] 23:33:44 	Giving hint: S_ng_____
[Regis Philbot v1.0] 23:33:51 Shutting down
[Regis Philbot v1.0] 23:34:30 Starting Regis Philbot v1.0
[Regis Philbot v1.0] 23:34:30 Loading config...
[Regis Philbot v1.0] 23:34:30 Loading questions from: "questions.json"
[Regis Philbot v1.0] 23:34:35 Asking question: [0mWhat is the design pattern that focus's on single instance?
[Regis Philbot v1.0] 23:34:46 	Giving hint: S _ n _ _ _ _ _ _
[Regis Philbot v1.0] 23:34:56 	Answer was: Singleton
[Regis Philbot v1.0] 23:35:01 Asking question: [0mWhat year was the Unix operating system created?
[Regis Philbot v1.0] 23:35:11 	Giving hint: _ 9 _ _
[Regis Philbot v1.0] 23:35:15 Shutting down
[Regis Philbot v1.0] 23:36:04 Starting Regis Philbot v1.0
[Regis Philbot v1.0] 23:36:04 Loading config...
[Regis Philbot v1.0] 23:36:04 Loading questions from: "questions.json"
[Regis Philbot v1.0] 23:36:10 Asking question: [0mWhat is the design pattern that focus's on single instance?
[Regis Philbot v1.0] 23:36:20 	Giving hint: _ i _ g _ _ _ _ _
[Regis Philbot v1.0] 23:36:24 Shutting down
[Regis Philbot v1.0] 23:36:45 Starting Regis Philbot v1.0
[Regis Philbot v1.0] 23:36:45 Loading config...
[Regis Philbot v1.0] 23:36:45 Loading questions from: "questions.json"
[Regis Philbot v1.0] 23:36:50 Asking question: [0mWhat is the design pattern that focus's on single instance?
[Regis Philbot v1.0] 23:37:00 	Giving hint: __ng_____
[Regis Philbot v1.0] 23:37:10 	Answer was: Singleton
[Regis Philbot v1.0] 23:37:16 Asking question: [0mWhat year was the Unix operating system created?
[Regis Philbot v1.0] 23:37:26 	Giving hint: _9__
[Regis Philbot v1.0] 23:37:36 	Answer was: 1973
[Regis Philbot v1.0] 23:37:41 Asking question: [0mWhat is the HTTP response code for 'I am a teapot'?
[Regis Philbot v1.0] 23:37:45 Shutting down
